<?xml version="1.0" encoding="UTF-8"?>
<!-- Generated by org.testng.reporters.JUnitReportReporter -->
<testsuite hostname="DESKTOP-J0OADTM" failures="0" tests="9" name="com.employeeapi.testCases.TC001_GET_All_Employees" time="0.202" errors="0" timestamp="2022-06-27T10:20:59 IST" skipped="0">
  <testcase classname="com.employeeapi.testCases.TC001_GET_All_Employees" name="checkStatusCode" time="0.012"/>
  <system-out/>
  <testcase classname="com.employeeapi.testCases.TC001_GET_All_Employees" name="checkResponseBody" time="0.091"/>
  <system-out/>
  <testcase classname="com.employeeapi.testCases.TC001_GET_All_Employees" name="checkContentEncoding" time="0.066"/>
  <system-out/>
  <testcase classname="com.employeeapi.testCases.TC001_GET_All_Employees" name="checkContentType" time="0.003"/>
  <system-out/>
  <testcase classname="com.employeeapi.testCases.TC001_GET_All_Employees" name="checkStatusLine" time="0.002"/>
  <system-out/>
  <testcase classname="com.employeeapi.testCases.TC001_GET_All_Employees" name="checkCookies" time="0.003"/>
  <system-out/>
  <testcase classname="com.employeeapi.testCases.TC001_GET_All_Employees" name="checkContentLength" time="0.007"/>
  <system-out/>
  <testcase classname="com.employeeapi.testCases.TC001_GET_All_Employees" name="checkResponseTime" time="0.010"/>
  <system-out/>
  <testcase classname="com.employeeapi.testCases.TC001_GET_All_Employees" name="checkServerType" time="0.008"/>
  <system-out/>
</testsuite> <!-- com.employeeapi.testCases.TC001_GET_All_Employees -->
